[2026-03-30T17:36:33.449Z] 🔍 Starting fetch for PES2UG25CS304...
[2026-03-30T17:36:33.450Z] 🌐 Step 1: Initial GET to establish session...
[2026-03-30T17:36:33.955Z] 🍪 Received 3 initial cookies.
[2026-03-30T17:36:33.956Z] 🔑 Step 2: Performing Login POST...
[2026-03-30T17:36:34.027Z] ❌ FATAL ERROR: Request failed with status code 403
[2026-03-30T17:36:34.028Z] 🔥 Error Data: 403 - Forbidden
[2026-03-31T15:41:47.900Z] 🔍 Starting fetch for PES2UG25Cs304...
[2026-03-31T15:41:47.903Z] 🌐 Step 1: Initial GET to establish session...
[2026-03-31T15:41:48.622Z] 🍪 Received 3 initial cookies.
[2026-03-31T15:41:48.623Z] 🔑 Step 2: Performing Login POST...
[2026-03-31T15:41:48.826Z] ❌ FATAL ERROR: Request failed with status code 403
[2026-03-31T15:41:48.828Z] 🔥 Error Data: 403 - Forbidden
[2026-03-31T16:29:22.842Z] 🔍 Starting fetch for PES2UG25Cs304...
[2026-03-31T16:29:22.843Z] 🌐 Step 1: Initial GET to establish session...
[2026-03-31T16:29:23.824Z] 🍪 Received 3 initial cookies.
[2026-03-31T16:29:23.825Z] 🔑 Step 2: Performing Login POST...
[2026-03-31T16:29:24.028Z] ❌ FATAL ERROR: Request failed with status code 403
[2026-03-31T16:29:24.029Z] 🔥 Error Data: 403 - Forbidden
[2026-03-31T16:32:48.314Z] 🔍 Starting fetch for PES2UG25Cs304...
[2026-03-31T16:32:48.315Z] 🌐 Step 1: Initial GET to establish session...
[2026-03-31T16:32:49.543Z] 🍪 Received 3 initial cookies.
[2026-03-31T16:32:49.544Z] 🔑 Step 2: Performing Login POST...
[2026-03-31T16:32:49.841Z] ❌ FATAL ERROR: Request failed with status code 403
[2026-03-31T16:32:49.842Z] 🔥 Error Data: 403 - Forbidden
[2026-03-31T16:53:33.195Z] 🔍 Starting fetch for PES2UG25Cs304...
[2026-03-31T16:53:33.197Z] 🌐 Step 1: Initial GET to establish session...
[2026-03-31T16:53:33.722Z] 🍪 Received 3 initial cookies.
[2026-03-31T16:53:33.723Z] 🔑 Step 2: Performing Login POST...
[2026-03-31T16:53:33.801Z] ❌ FATAL ERROR: Request failed with status code 403
[2026-03-31T16:53:33.801Z] 🔥 Error Data: 403 - Forbidden
